{"logTime": "0401/203044", "correlationVector":"QuIExLiukuSigsuvJnJoq2.1","action":"SyncServerConnectionManagerRequest", "result":"SYNC_SERVER_OK", "context":{"environment":"Prod_brazilsouth_prod-s01-001-sam-brazilsouth", "migrationStage":"NotStarted", "server":"akswtt209000006"}}
{"logTime": "0401/203044", "correlationVector":"QuIExLiukuSigsuvJnJoq2.2","action":"ProcessGetUpdates", "result":"Done", "context":{"dataType":"Encryption Keys", "deleted":"0", "process_failed_to_decrypt":"0", "process_pending_decryption":"0", "process_success":"1", "total":"1"}}
{"logTime": "0401/203045", "correlationVector":"7UFWTI1mdGHMCiRQX3xNac","action":"SyncServerConnectionManagerRequest", "result":"SYNC_SERVER_OK", "context":{"environment":"", "migrationStage":"", "server":""}}
{"logTime": "0401/203045", "correlationVector":"7UFWTI1mdGHMCiRQX3xNac.0","action":"EncryptionKeysFetcher.DownloadKeys:", "result":"Success", "context":Key count: 5, Last key timestamp: 2025-02-08T20:46:06Z}
{"logTime": "0401/203045", "correlationVector":"7UFWTI1mdGHMCiRQX3xNac.1","action":"EncryptionKeysManager::SetEncryptionKeys:", "result":"Success", "context":Key names[5]:[IKIjtilKX9xf8dmxnNq6pRELzgFHuBHLUlYpN0RIseIZsnXpRCpoIaH4EAz3JFU/xU5DOk/x5RNnVv492r3Ahg==][/tg5a+vHWX6h6Wk+5mS3WMAk+JyIXAx9hZkRB0Bkwr888Yzpc9WiHe+xYd+U0+Y2/ha7SGTt86ygEz5yFowIAg==][4h+2KnFZ9qtqBiqV65Ff+NwXCV9Pa4O6YWRVmeYTs+vrEzJTdGh9a7hBaK2UYfpzsl7YCwNeUKcCU0czcsPoqA==][MGfI4WW0wB633J9XYFsqbQlY6WgvW0Avv2Dq4iZczUO2kdsMhTrLGhNM0KZujIUDCc3vcUGEv/omLTVSKwS0qg==][aS/EsV3PqfvP6nz45PBpPm89Qt+HKuRNkZZSi4HHKSu+biKpGJRE7BdJXFQ/V8hXk1AXfiZGpOpSnZw4mqU9Zg==]}
{"logTime": "0401/203045", "correlationVector":"7UFWTI1mdGHMCiRQX3xNac.2","action":"EncryptionKeysManager::SetEncryptionKeysWithTimestamps:", "result":"Success", "context":Key timestamps[5]:[2023-02-06T21:40:50Z][2023-08-06T00:23:25Z][2024-02-13T21:51:37Z][2024-08-11T22:05:27Z][2025-02-08T20:46:06Z]}
{"logTime": "0401/203045", "correlationVector":"QuIExLiukuSigsuvJnJoq2","action":"Initial GetUpdates", "result":"", "context":Reason: NEW_CLIENT. cV=QuIExLiukuSigsuvJnJoq2}
{"logTime": "0401/203045", "correlationVector":"QuIExLiukuSigsuvJnJoq2.3","action":"GetUpdates Response", "result":"Success", "context":Received 1 update(s). cV=QuIExLiukuSigsuvJnJoq2.0;server=akswtt209000006;cloudType=Consumer;environment=Prod_brazilsouth_prod-s01-001-sam-brazilsouth;migrationStage=NotStarted}
{"logTime": "0401/203045", "correlationVector":"20YyX3dYhF4CgDfsS8PbpE","action":"Initial GetUpdates", "result":"", "context":Reason: NEWLY_SUPPORTED_DATATYPE. cV=20YyX3dYhF4CgDfsS8PbpE}
{"logTime": "0401/203046", "correlationVector":"20YyX3dYhF4CgDfsS8PbpE.1","action":"SyncServerConnectionManagerRequest", "result":"SYNC_SERVER_OK", "context":{"environment":"Prod_brazilsouth_prod-s01-034-sam-brazilsouth", "migrationStage":"NotStarted", "server":"akswtt00600001h"}}
{"logTime": "0401/203046", "correlationVector":"20YyX3dYhF4CgDfsS8PbpE.2","action":"ProcessGetUpdates", "result":"Done", "context":{"dataType":"Preferences", "deleted":"2", "process_failed_to_decrypt":"0", "process_pending_decryption":"0", "process_success":"100", "total":"100"}}
{"logTime": "0401/203046", "correlationVector":"20YyX3dYhF4CgDfsS8PbpE.3","action":"ProcessGetUpdates", "result":"Done", "context":{"dataType":"Passwords", "deleted":"10", "process_failed_to_decrypt":"0", "process_pending_decryption":"0", "process_success":"84", "total":"84"}}
{"logTime": "0401/203046", "correlationVector":"20YyX3dYhF4CgDfsS8PbpE.4","action":"ProcessGetUpdates", "result":"Done", "context":{"dataType":"Device Info", "deleted":"0", "process_failed_to_decrypt":"0", "process_pending_decryption":"0", "process_success":"14", "total":"14"}}
{"logTime": "0401/203046", "correlationVector":"20YyX3dYhF4CgDfsS8PbpE.5","action":"GetUpdates Response", "result":"Success", "context":Received 198 update(s). cV=20YyX3dYhF4CgDfsS8PbpE.0;server=akswtt00600001h;cloudType=Consumer;environment=Prod_brazilsouth_prod-s01-034-sam-brazilsouth;migrationStage=NotStarted}
{"logTime": "0401/203046", "correlationVector":"tZG0fW5XtZCjIu4QPUALVI","action":"Initial GetUpdates", "result":"", "context":Reason: NEWLY_SUPPORTED_DATATYPE. cV=tZG0fW5XtZCjIu4QPUALVI}
{"logTime": "0401/203047", "correlationVector":"tZG0fW5XtZCjIu4QPUALVI.1","action":"SyncServerConnectionManagerRequest", "result":"SYNC_SERVER_OK", "context":{"environment":"Prod_brazilsouth_prod-s01-034-sam-brazilsouth", "migrationStage":"NotStarted", "server":"akswtt00600000f"}}
{"logTime": "0401/203047", "correlationVector":"tZG0fW5XtZCjIu4QPUALVI.2","action":"ProcessGetUpdates", "result":"Done", "context":{"dataType":"Bookmarks", "deleted":"10", "process_failed_to_decrypt":"0", "process_pending_decryption":"0", "process_success":"58", "total":"58"}}
{"logTime": "0401/203047", "correlationVector":"tZG0fW5XtZCjIu4QPUALVI.3","action":"GetUpdates Response", "result":"Success", "context":Received 58 update(s). cV=tZG0fW5XtZCjIu4QPUALVI.0;server=akswtt00600000f;cloudType=Consumer;environment=Prod_brazilsouth_prod-s01-034-sam-brazilsouth;migrationStage=NotStarted}
{"logTime": "0401/203047", "correlationVector":"8hRM4tTsLdKH1krRbfNHtN","action":"Initial GetUpdates", "result":"", "context":Reason: NEWLY_SUPPORTED_DATATYPE. cV=8hRM4tTsLdKH1krRbfNHtN}
{"logTime": "0401/203048", "correlationVector":"8hRM4tTsLdKH1krRbfNHtN.1","action":"SyncServerConnectionManagerRequest", "result":"SYNC_SERVER_OK", "context":{"environment":"Prod_brazilsouth_prod-s01-034-sam-brazilsouth", "migrationStage":"NotStarted", "server":"akswtt00600000n"}}
{"logTime": "0401/203048", "correlationVector":"8hRM4tTsLdKH1krRbfNHtN.2","action":"ProcessGetUpdates", "result":"Done", "context":{"dataType":"Autofill", "deleted":"0", "process_failed_to_decrypt":"0", "process_pending_decryption":"0", "process_success":"250", "total":"250"}}
{"logTime": "0401/203048", "correlationVector":"8hRM4tTsLdKH1krRbfNHtN.3","action":"GetUpdates Response", "result":"Success", "context":Received 250 update(s). cV=8hRM4tTsLdKH1krRbfNHtN.0;server=akswtt00600000n;cloudType=Consumer;environment=Prod_brazilsouth_prod-s01-034-sam-brazilsouth;migrationStage=NotStarted Some updates remain.}
{"logTime": "0401/203048", "correlationVector":"rfVBiaIT2s+ljLPefCAcdM","action":"Initial GetUpdates", "result":"", "context":Reason: NEWLY_SUPPORTED_DATATYPE. cV=rfVBiaIT2s+ljLPefCAcdM}
{"logTime": "0401/203049", "correlationVector":"rfVBiaIT2s+ljLPefCAcdM.1","action":"SyncServerConnectionManagerRequest", "result":"SYNC_SERVER_OK", "context":{"environment":"Prod_brazilsouth_prod-s01-034-sam-brazilsouth", "migrationStage":"NotStarted", "server":"akswtt006000017"}}
{"logTime": "0401/203049", "correlationVector":"rfVBiaIT2s+ljLPefCAcdM.2","action":"ProcessGetUpdates", "result":"Done", "context":{"dataType":"Autofill", "deleted":"0", "process_failed_to_decrypt":"0", "process_pending_decryption":"0", "process_success":"250", "total":"250"}}
{"logTime": "0401/203049", "correlationVector":"rfVBiaIT2s+ljLPefCAcdM.3","action":"GetUpdates Response", "result":"Success", "context":Received 250 update(s). cV=rfVBiaIT2s+ljLPefCAcdM.0;server=akswtt006000017;cloudType=Consumer;environment=Prod_brazilsouth_prod-s01-034-sam-brazilsouth;migrationStage=NotStarted Some updates remain.}
{"logTime": "0401/203049", "correlationVector":"PTkkAHsGvxCtQ9qIcMqS0Y","action":"Initial GetUpdates", "result":"", "context":Reason: NEWLY_SUPPORTED_DATATYPE. cV=PTkkAHsGvxCtQ9qIcMqS0Y}
{"logTime": "0401/203051", "correlationVector":"PTkkAHsGvxCtQ9qIcMqS0Y.1","action":"SyncServerConnectionManagerRequest", "result":"SYNC_SERVER_OK", "context":{"environment":"Prod_brazilsouth_prod-s01-034-sam-brazilsouth", "migrationStage":"NotStarted", "server":"akswtt00600001b"}}
{"logTime": "0401/203051", "correlationVector":"PTkkAHsGvxCtQ9qIcMqS0Y.2","action":"ProcessGetUpdates", "result":"Done", "context":{"dataType":"Autofill Profiles", "deleted":"1", "process_failed_to_decrypt":"0", "process_pending_decryption":"0", "process_success":"1", "total":"1"}}
{"logTime": "0401/203051", "correlationVector":"PTkkAHsGvxCtQ9qIcMqS0Y.3","action":"ProcessGetUpdates", "result":"Done", "context":{"dataType":"Autofill", "deleted":"0", "process_failed_to_decrypt":"0", "process_pending_decryption":"0", "process_success":"47", "total":"47"}}
{"logTime": "0401/203051", "correlationVector":"PTkkAHsGvxCtQ9qIcMqS0Y.4","action":"ProcessGetUpdates", "result":"Done", "context":{"dataType":"Extensions", "deleted":"0", "process_failed_to_decrypt":"0", "process_pending_decryption":"0", "process_success":"3", "total":"3"}}
{"logTime": "0401/203051", "correlationVector":"PTkkAHsGvxCtQ9qIcMqS0Y.5","action":"ProcessGetUpdates", "result":"Done", "context":{"dataType":"Sessions", "deleted":"41", "process_failed_to_decrypt":"0", "process_pending_decryption":"0", "process_success":"41", "total":"41"}}
{"logTime": "0401/203051", "correlationVector":"PTkkAHsGvxCtQ9qIcMqS0Y.6","action":"ProcessGetUpdates", "result":"Done", "context":{"dataType":"Edge Hub App Usage", "deleted":"144", "process_failed_to_decrypt":"0", "process_pending_decryption":"0", "process_success":"158", "total":"158"}}
{"logTime": "0401/203051", "correlationVector":"PTkkAHsGvxCtQ9qIcMqS0Y.7","action":"GetUpdates Response", "result":"Success", "context":Received 250 update(s). cV=PTkkAHsGvxCtQ9qIcMqS0Y.0;server=akswtt00600001b;cloudType=Consumer;environment=Prod_brazilsouth_prod-s01-034-sam-brazilsouth;migrationStage=NotStarted Some updates remain.}
{"logTime": "0401/203051", "correlationVector":"LMZKhfVDkZnWQvlNayPmZt","action":"Initial GetUpdates", "result":"", "context":Reason: NEWLY_SUPPORTED_DATATYPE. cV=LMZKhfVDkZnWQvlNayPmZt}
{"logTime": "0401/203052", "correlationVector":"LMZKhfVDkZnWQvlNayPmZt.1","action":"SyncServerConnectionManagerRequest", "result":"SYNC_SERVER_OK", "context":{"environment":"Prod_brazilsouth_prod-s01-034-sam-brazilsouth", "migrationStage":"NotStarted", "server":"akswtt00600001c"}}
{"logTime": "0401/203052", "correlationVector":"LMZKhfVDkZnWQvlNayPmZt.2","action":"ProcessGetUpdates", "result":"Done", "context":{"dataType":"Sessions", "deleted":"73", "process_failed_to_decrypt":"0", "process_pending_decryption":"0", "process_success":"73", "total":"73"}}
{"logTime": "0401/203052", "correlationVector":"LMZKhfVDkZnWQvlNayPmZt.3","action":"ProcessGetUpdates", "result":"Done", "context":{"dataType":"Edge Hub App Usage", "deleted":"129", "process_failed_to_decrypt":"0", "process_pending_decryption":"0", "process_success":"177", "total":"177"}}
{"logTime": "0401/203052", "correlationVector":"LMZKhfVDkZnWQvlNayPmZt.4","action":"GetUpdates Response", "result":"Success", "context":Received 250 update(s). cV=LMZKhfVDkZnWQvlNayPmZt.0;server=akswtt00600001c;cloudType=Consumer;environment=Prod_brazilsouth_prod-s01-034-sam-brazilsouth;migrationStage=NotStarted Some updates remain.}
{"logTime": "0401/203052", "correlationVector":"Jk3ZPXoeBB+e0pK39crTDh","action":"Initial GetUpdates", "result":"", "context":Reason: NEWLY_SUPPORTED_DATATYPE. cV=Jk3ZPXoeBB+e0pK39crTDh}
{"logTime": "0401/203053", "correlationVector":"Jk3ZPXoeBB+e0pK39crTDh.1","action":"SyncServerConnectionManagerRequest", "result":"SYNC_SERVER_OK", "context":{"environment":"Prod_brazilsouth_prod-s01-034-sam-brazilsouth", "migrationStage":"NotStarted", "server":"akswtt00600000y"}}
{"logTime": "0401/203053", "correlationVector":"Jk3ZPXoeBB+e0pK39crTDh.2","action":"ProcessGetUpdates", "result":"Done", "context":{"dataType":"Autofill Profiles", "deleted":"0", "process_failed_to_decrypt":"0", "process_pending_decryption":"0", "process_success":"6", "total":"6"}}
{"logTime": "0401/203053", "correlationVector":"Jk3ZPXoeBB+e0pK39crTDh.3","action":"ProcessGetUpdates", "result":"Done", "context":{"dataType":"Autofill", "deleted":"0", "process_failed_to_decrypt":"0", "process_pending_decryption":"0", "process_success":"74", "total":"74"}}
{"logTime": "0401/203053", "correlationVector":"Jk3ZPXoeBB+e0pK39crTDh.4","action":"ProcessGetUpdates", "result":"Done", "context":{"dataType":"Sessions", "deleted":"57", "process_failed_to_decrypt":"0", "process_pending_decryption":"0", "process_success":"57", "total":"57"}}
{"logTime": "0401/203053", "correlationVector":"Jk3ZPXoeBB+e0pK39crTDh.5","action":"ProcessGetUpdates", "result":"Done", "context":{"dataType":"Edge Hub App Usage", "deleted":"58", "process_failed_to_decrypt":"0", "process_pending_decryption":"0", "process_success":"113", "total":"113"}}
{"logTime": "0401/203053", "correlationVector":"Jk3ZPXoeBB+e0pK39crTDh.6","action":"GetUpdates Response", "result":"Success", "context":Received 250 update(s). cV=Jk3ZPXoeBB+e0pK39crTDh.0;server=akswtt00600000y;cloudType=Consumer;environment=Prod_brazilsouth_prod-s01-034-sam-brazilsouth;migrationStage=NotStarted Some updates remain.}
{"logTime": "0401/203053", "correlationVector":"zKhDGbNw2RvAJjUtkIb0/Z","action":"Initial GetUpdates", "result":"", "context":Reason: NEWLY_SUPPORTED_DATATYPE. cV=zKhDGbNw2RvAJjUtkIb0/Z}
{"logTime": "0401/203054", "correlationVector":"zKhDGbNw2RvAJjUtkIb0/Z.1","action":"SyncServerConnectionManagerRequest", "result":"SYNC_SERVER_OK", "context":{"environment":"Prod_brazilsouth_prod-s01-034-sam-brazilsouth", "migrationStage":"NotStarted", "server":"akswtt00600000t"}}
{"logTime": "0401/203054", "correlationVector":"zKhDGbNw2RvAJjUtkIb0/Z.2","action":"ProcessGetUpdates", "result":"Done", "context":{"dataType":"Autofill", "deleted":"0", "process_failed_to_decrypt":"0", "process_pending_decryption":"0", "process_success":"181", "total":"181"}}
{"logTime": "0401/203054", "correlationVector":"zKhDGbNw2RvAJjUtkIb0/Z.3","action":"ProcessGetUpdates", "result":"Done", "context":{"dataType":"Sessions", "deleted":"14", "process_failed_to_decrypt":"0", "process_pending_decryption":"0", "process_success":"14", "total":"14"}}
{"logTime": "0401/203054", "correlationVector":"zKhDGbNw2RvAJjUtkIb0/Z.4","action":"ProcessGetUpdates", "result":"Done", "context":{"dataType":"Edge Hub App Usage", "deleted":"50", "process_failed_to_decrypt":"0", "process_pending_decryption":"0", "process_success":"55", "total":"55"}}
{"logTime": "0401/203054", "correlationVector":"zKhDGbNw2RvAJjUtkIb0/Z.5","action":"GetUpdates Response", "result":"Success", "context":Received 250 update(s). cV=zKhDGbNw2RvAJjUtkIb0/Z.0;server=akswtt00600000t;cloudType=Consumer;environment=Prod_brazilsouth_prod-s01-034-sam-brazilsouth;migrationStage=NotStarted Some updates remain.}
{"logTime": "0401/203054", "correlationVector":"bnXGmuxDvtwL5KakNz3tbj","action":"Initial GetUpdates", "result":"", "context":Reason: NEWLY_SUPPORTED_DATATYPE. cV=bnXGmuxDvtwL5KakNz3tbj}
{"logTime": "0401/203054", "correlationVector":"bnXGmuxDvtwL5KakNz3tbj.1","action":"SyncServerConnectionManagerRequest", "result":"SYNC_SERVER_OK", "context":{"environment":"Prod_brazilsouth_prod-s01-034-sam-brazilsouth", "migrationStage":"NotStarted", "server":"akswtt006000004"}}
{"logTime": "0401/203054", "correlationVector":"bnXGmuxDvtwL5KakNz3tbj.2","action":"ProcessGetUpdates", "result":"Done", "context":{"dataType":"Autofill", "deleted":"0", "process_failed_to_decrypt":"0", "process_pending_decryption":"0", "process_success":"3", "total":"3"}}
{"logTime": "0401/203054", "correlationVector":"bnXGmuxDvtwL5KakNz3tbj.3","action":"ProcessGetUpdates", "result":"Done", "context":{"dataType":"Extensions", "deleted":"0", "process_failed_to_decrypt":"0", "process_pending_decryption":"0", "process_success":"1", "total":"1"}}
{"logTime": "0401/203054", "correlationVector":"bnXGmuxDvtwL5KakNz3tbj.4","action":"ProcessGetUpdates", "result":"Done", "context":{"dataType":"Sessions", "deleted":"61", "process_failed_to_decrypt":"0", "process_pending_decryption":"0", "process_success":"61", "total":"61"}}
{"logTime": "0401/203054", "correlationVector":"bnXGmuxDvtwL5KakNz3tbj.5","action":"ProcessGetUpdates", "result":"Done", "context":{"dataType":"Edge Hub App Usage", "deleted":"166", "process_failed_to_decrypt":"0", "process_pending_decryption":"0", "process_success":"185", "total":"185"}}
{"logTime": "0401/203054", "correlationVector":"bnXGmuxDvtwL5KakNz3tbj.6","action":"GetUpdates Response", "result":"Success", "context":Received 250 update(s). cV=bnXGmuxDvtwL5KakNz3tbj.0;server=akswtt006000004;cloudType=Consumer;environment=Prod_brazilsouth_prod-s01-034-sam-brazilsouth;migrationStage=NotStarted Some updates remain.}
{"logTime": "0401/203054", "correlationVector":"xm6HFCOJheN/2JVf3rs7+G","action":"Initial GetUpdates", "result":"", "context":Reason: NEWLY_SUPPORTED_DATATYPE. cV=xm6HFCOJheN/2JVf3rs7+G}
{"logTime": "0401/203055", "correlationVector":"xm6HFCOJheN/2JVf3rs7+G.1","action":"SyncServerConnectionManagerRequest", "result":"SYNC_SERVER_OK", "context":{"environment":"Prod_brazilsouth_prod-s01-034-sam-brazilsouth", "migrationStage":"NotStarted", "server":"akswtt00600000p"}}
{"logTime": "0401/203055", "correlationVector":"xm6HFCOJheN/2JVf3rs7+G.2","action":"ProcessGetUpdates", "result":"Done", "context":{"dataType":"Autofill Profiles", "deleted":"0", "process_failed_to_decrypt":"0", "process_pending_decryption":"0", "process_success":"7", "total":"7"}}
{"logTime": "0401/203055", "correlationVector":"xm6HFCOJheN/2JVf3rs7+G.3","action":"ProcessGetUpdates", "result":"Done", "context":{"dataType":"Autofill", "deleted":"0", "process_failed_to_decrypt":"0", "process_pending_decryption":"0", "process_success":"16", "total":"16"}}
{"logTime": "0401/203055", "correlationVector":"xm6HFCOJheN/2JVf3rs7+G.4","action":"ProcessGetUpdates", "result":"Done", "context":{"dataType":"Extensions", "deleted":"0", "process_failed_to_decrypt":"0", "process_pending_decryption":"0", "process_success":"2", "total":"2"}}
{"logTime": "0401/203055", "correlationVector":"xm6HFCOJheN/2JVf3rs7+G.5","action":"ProcessGetUpdates", "result":"Done", "context":{"dataType":"Sessions", "deleted":"46", "process_failed_to_decrypt":"0", "process_pending_decryption":"0", "process_success":"53", "total":"53"}}
{"logTime": "0401/203055", "correlationVector":"xm6HFCOJheN/2JVf3rs7+G.6","action":"ProcessGetUpdates", "result":"Done", "context":{"dataType":"Edge Hub App Usage", "deleted":"167", "process_failed_to_decrypt":"0", "process_pending_decryption":"0", "process_success":"172", "total":"172"}}
{"logTime": "0401/203055", "correlationVector":"xm6HFCOJheN/2JVf3rs7+G.7","action":"GetUpdates Response", "result":"Success", "context":Received 250 update(s). cV=xm6HFCOJheN/2JVf3rs7+G.0;server=akswtt00600000p;cloudType=Consumer;environment=Prod_brazilsouth_prod-s01-034-sam-brazilsouth;migrationStage=NotStarted Some updates remain.}
{"logTime": "0401/203055", "correlationVector":"rZFfOBwSFx/rf9LqFBg6Qt","action":"Initial GetUpdates", "result":"", "context":Reason: NEWLY_SUPPORTED_DATATYPE. cV=rZFfOBwSFx/rf9LqFBg6Qt}
{"logTime": "0401/203056", "correlationVector":"rZFfOBwSFx/rf9LqFBg6Qt.1","action":"SyncServerConnectionManagerRequest", "result":"SYNC_SERVER_OK", "context":{"environment":"Prod_brazilsouth_prod-s01-034-sam-brazilsouth", "migrationStage":"NotStarted", "server":"akswtt00600000f"}}
{"logTime": "0401/203056", "correlationVector":"rZFfOBwSFx/rf9LqFBg6Qt.2","action":"ProcessGetUpdates", "result":"Done", "context":{"dataType":"Sessions", "deleted":"1", "process_failed_to_decrypt":"0", "process_pending_decryption":"0", "process_success":"4", "total":"4"}}
{"logTime": "0401/203056", "correlationVector":"rZFfOBwSFx/rf9LqFBg6Qt.3","action":"ProcessGetUpdates", "result":"Done", "context":{"dataType":"Edge Hub App Usage", "deleted":"15", "process_failed_to_decrypt":"0", "process_pending_decryption":"0", "process_success":"15", "total":"15"}}
{"logTime": "0401/203056", "correlationVector":"rZFfOBwSFx/rf9LqFBg6Qt.4","action":"GetUpdates Response", "result":"Success", "context":Received 19 update(s). cV=rZFfOBwSFx/rf9LqFBg6Qt.0;server=akswtt00600000f;cloudType=Consumer;environment=Prod_brazilsouth_prod-s01-034-sam-brazilsouth;migrationStage=NotStarted}
{"logTime": "0401/203056", "correlationVector":"7LBZcf62UgGixVSjh18mx/","action":"Initial GetUpdates", "result":"", "context":Reason: NEWLY_SUPPORTED_DATATYPE. cV=7LBZcf62UgGixVSjh18mx/}
{"logTime": "0401/203056", "correlationVector":"7LBZcf62UgGixVSjh18mx/.1","action":"SyncServerConnectionManagerRequest", "result":"SYNC_SERVER_OK", "context":{"environment":"Prod_brazilsouth_prod-s01-034-sam-brazilsouth", "migrationStage":"NotStarted", "server":"akswtt006000017"}}
{"logTime": "0401/203056", "correlationVector":"7LBZcf62UgGixVSjh18mx/.2","action":"ProcessGetUpdates", "result":"Done", "context":{"dataType":"History", "deleted":"0", "process_failed_to_decrypt":"0", "process_pending_decryption":"0", "process_success":"250", "total":"250"}}
{"logTime": "0401/203056", "correlationVector":"7LBZcf62UgGixVSjh18mx/.3","action":"GetUpdates Response", "result":"Success", "context":Received 250 update(s). cV=7LBZcf62UgGixVSjh18mx/.0;server=akswtt006000017;cloudType=Consumer;environment=Prod_brazilsouth_prod-s01-034-sam-brazilsouth;migrationStage=NotStarted Some updates remain.}
{"logTime": "0401/203056", "correlationVector":"7bP/FC/+zHWs4AcD6VyfKf","action":"Initial GetUpdates", "result":"", "context":Reason: NEWLY_SUPPORTED_DATATYPE. cV=7bP/FC/+zHWs4AcD6VyfKf}
{"logTime": "0401/203057", "correlationVector":"7bP/FC/+zHWs4AcD6VyfKf.1","action":"SyncServerConnectionManagerRequest", "result":"SYNC_SERVER_OK", "context":{"environment":"Prod_brazilsouth_prod-s01-034-sam-brazilsouth", "migrationStage":"NotStarted", "server":"akswtt006000002"}}
{"logTime": "0401/203057", "correlationVector":"7bP/FC/+zHWs4AcD6VyfKf.2","action":"ProcessGetUpdates", "result":"Done", "context":{"dataType":"History", "deleted":"0", "process_failed_to_decrypt":"0", "process_pending_decryption":"0", "process_success":"208", "total":"208"}}
{"logTime": "0401/203057", "correlationVector":"7bP/FC/+zHWs4AcD6VyfKf.3","action":"GetUpdates Response", "result":"Success", "context":Received 208 update(s). cV=7bP/FC/+zHWs4AcD6VyfKf.0;server=akswtt006000002;cloudType=Consumer;environment=Prod_brazilsouth_prod-s01-034-sam-brazilsouth;migrationStage=NotStarted}
{"logTime": "0401/203057", "correlationVector":"rc6VDRRWJwEu2iL3GO6kZb","action":"Normal GetUpdate request", "result":"", "context":cV=rc6VDRRWJwEu2iL3GO6kZb
Nudged types: Preferences, Sessions, Device Info, User Consents
Refresh requested types: Bookmarks, Preferences, Passwords, Autofill Profiles, Autofill, Extensions, Sessions, Extension settings, History Delete Directives, Device Info, User Consents, Send Tab To Self, Web Apps, History, Collection, Edge E Drop, Edge Hub App Usage, Edge Tab Group, Edge Wallet, Encryption Keys}
{"logTime": "0401/203057", "correlationVector":"rc6VDRRWJwEu2iL3GO6kZb.1","action":"SyncServerConnectionManagerRequest", "result":"SYNC_SERVER_OK", "context":{"environment":"Prod_brazilsouth_prod-s01-034-sam-brazilsouth", "migrationStage":"NotStarted", "server":"akswtt006000005"}}
{"logTime": "0401/203057", "correlationVector":"rc6VDRRWJwEu2iL3GO6kZb.2","action":"GetUpdates Response", "result":"Success", "context":Received 0 update(s). cV=rc6VDRRWJwEu2iL3GO6kZb.0;server=akswtt006000005;cloudType=Consumer;environment=Prod_brazilsouth_prod-s01-034-sam-brazilsouth;migrationStage=NotStarted}
{"logTime": "0401/203057", "correlationVector":"TO2LXb6DzclbNtxScOc27H","action":"Commit Request", "result":"", "context":Item count: 6
Contributing types: Preferences, Sessions, Device Info, User Consents}
{"logTime": "0401/203058", "correlationVector":"TO2LXb6DzclbNtxScOc27H.1","action":"SyncServerConnectionManagerRequest", "result":"SYNC_SERVER_OK", "context":{"environment":"Prod_brazilsouth_prod-s01-034-sam-brazilsouth", "migrationStage":"NotStarted", "server":"akswtt00600000t"}}
{"logTime": "0401/203058", "correlationVector":"TO2LXb6DzclbNtxScOc27H.2","action":"Commit Response", "result":"Success", "context":Result: Success. cV=TO2LXb6DzclbNtxScOc27H.0;server=akswtt00600000t;cloudType=Consumer;environment=Prod_brazilsouth_prod-s01-034-sam-brazilsouth;migrationStage=NotStarted}
